2018-05-21 17:17:05.554 [main] INFO   - Login: user user, role USER login the system
2018-05-21 17:17:19.033 [main] INFO   - Login: user user, role USER login the system
2018-05-21 17:36:46.047 [main] INFO   - Login: user user, role USER login the system
2018-05-21 17:43:24.270 [main] INFO   - Login: user pavloIvanovich98, role USER login the system
2018-05-21 17:46:02.852 [main] INFO   - Login: user pavloIvanovich98, role USER login the system
2018-05-21 17:47:17.714 [main] INFO   - Login: user pavloIvanovich98, role null login the system
2018-05-21 17:53:39.013 [main] INFO   - Login: user pavloIvanovich98, role USER login the system
2018-05-21 17:53:49.510 [main] INFO   - Login: user pavloIvanovich98, role USER login the system
2018-05-21 17:54:11.296 [main] INFO   - Login: user pavloIvanovich98, role USER login the system
2018-05-21 17:54:47.171 [main] INFO   - Login: user pavloIvanovich98, role USER login the system
2018-05-21 18:05:32.855 [main] INFO   - Registration: user pavloIvanovich98, role USER registered the system
2018-05-21 18:05:41.603 [main] INFO   - Registration: user pavloIvanovich98, role USER registered the system
2018-05-21 18:19:28.192 [main] INFO   - Login: user pavloIvanovich98, role USER login the system
2018-05-21 18:20:13.061 [main] INFO   - Login: user pavloIvanovich98, role USER login the system
2018-05-21 18:20:13.068 [main] WARN   - Login: user pavloIvanovich98, role USER already logged. Denied.
2018-05-21 18:20:27.831 [main] INFO   - Login: user pavloIvanovich98, role USER login the system
2018-05-21 18:20:27.844 [main] WARN   - Login: user pavloIvanovich98, role USER already logged. Denied.
2018-05-21 18:20:39.122 [main] INFO   - Login: user pavloIvanovich98, role USER login the system
2018-05-21 18:20:39.136 [main] WARN   - Login: user pavloIvanovich98, role USER already logged. Denied.
2018-05-21 18:22:18.723 [main] INFO   - Login: user pavloIvanovich98, role USER login the system
2018-05-21 18:22:18.730 [main] WARN   - Login: user pavloIvanovich98, role USER already logged. Denied.
2018-05-21 18:22:21.569 [main] INFO   - Login: user pavloIvanovich98 wrong login or password. Denied.
2018-05-21 19:31:14.882 [main] INFO   - Logout: user null logout the system
2018-05-21 20:08:01.251 [main] INFO   - Registration: user pavloIvanovich98, role USER registered the system
2018-05-21 20:08:45.418 [main] INFO   - Registration: user pavloIvanovich98, role ADMIN registered the system
2018-05-21 20:08:58.484 [main] INFO   - Registration: user pavloIvanovich98, role ADMIN registered the system
2018-05-21 22:10:26.921 [main] WARN   - AuthFilter: user null, role USER unauthorized access.
2018-05-21 22:30:52.704 [main] ERROR  - java.lang.NullPointerException
2018-05-21 22:31:57.738 [main] ERROR  - java.lang.NullPointerException
2018-05-21 22:32:37.740 [main] ERROR  - java.lang.NullPointerException
2018-05-21 22:34:21.602 [main] ERROR  - java.lang.NullPointerException
2018-05-21 22:36:26.590 [main] ERROR  - java.lang.NullPointerException
2018-05-21 22:37:02.634 [main] ERROR  - java.lang.NullPointerException
2018-05-21 22:39:18.440 [main] ERROR  - org.mockito.exceptions.misusing.NullInsteadOfMockException: 
Argument passed to verify() should be a mock but is null!
Examples of correct verifications:
    verify(mock).someMethod();
    verify(mock, times(10)).someMethod();
    verify(mock, atLeastOnce()).someMethod();
Also, if you use @Mock annotation don't miss initMocks()
2018-05-21 22:40:13.323 [main] ERROR  - org.mockito.exceptions.misusing.NotAMockException: 
Argument passed to verify() is of type ServletController and is not a mock!
Make sure you place the parenthesis correctly!
See the examples of correct verifications:
    verify(mock).someMethod();
    verify(mock, times(10)).someMethod();
    verify(mock, atLeastOnce()).someMethod();
2018-05-21 23:05:36.661 [main] INFO   - Registration: user pavloIvanovich98, role USER registered the system
2018-05-21 23:11:34.449 [main] INFO   - Login: user pavloIvanovich98, role USER login the system
